<?xml version="1.0" encoding="UTF-8"?>
<testng-results ignored="0" total="0" passed="0" failed="0" skipped="0">
  <reporter-output>
  </reporter-output>
  <suite started-at="2025-12-10T12:34:24 IST" name="Surefire suite" finished-at="2025-12-10T12:34:24 IST" duration-ms="137">
    <groups>
    </groups>
    <test started-at="2025-12-10T12:34:24 IST" name="Surefire test" finished-at="2025-12-10T12:34:24 IST" duration-ms="137">
      <class name="com.adactinhotelapp.base.BaseTest">
        <test-method is-config="true" signature="fileSetup()[pri:0, instance:com.adactinhotelapp.base.BaseTest@5cee5251]" started-at="2025-12-10T12:34:24 IST" name="fileSetup" finished-at="2025-12-10T12:34:24 IST" duration-ms="75" status="PASS">
          <reporter-output>
          </reporter-output>
        </test-method> <!-- fileSetup -->
      </class> <!-- com.adactinhotelapp.base.BaseTest -->
    </test> <!-- Surefire test -->
  </suite> <!-- Surefire suite -->
</testng-results>
