<?xml version="1.0" encoding="UTF-8"?>
<testng-results ignored="0" total="1" passed="1" failed="0" skipped="0">
  <reporter-output>
  </reporter-output>
  <suite started-at="2025-12-05T13:57:32 IST" name="Default suite" finished-at="2025-12-05T13:57:39 IST" duration-ms="6943">
    <groups>
    </groups>
    <test started-at="2025-12-05T13:57:32 IST" name="Default test" finished-at="2025-12-05T13:57:39 IST" duration-ms="6943">
      <class name="com.adactinhotelapp.testscripts.regression.validateLoginUsingPOM">
        <test-method is-config="true" signature="fileSetup()[pri:0, instance:com.adactinhotelapp.testscripts.regression.validateLoginUsingPOM@279fedbd]" started-at="2025-12-05T13:57:32 IST" name="fileSetup" finished-at="2025-12-05T13:57:32 IST" duration-ms="10" status="PASS">
          <reporter-output>
          </reporter-output>
        </test-method> <!-- fileSetup -->
        <test-method is-config="true" signature="setup()[pri:0, instance:com.adactinhotelapp.testscripts.regression.validateLoginUsingPOM@279fedbd]" started-at="2025-12-05T13:57:32 IST" name="setup" finished-at="2025-12-05T13:57:37 IST" duration-ms="4610" status="PASS">
          <reporter-output>
          </reporter-output>
        </test-method> <!-- setup -->
        <test-method signature="validateLoginTest()[pri:0, instance:com.adactinhotelapp.testscripts.regression.validateLoginUsingPOM@279fedbd]" started-at="2025-12-05T13:57:37 IST" name="validateLoginTest" finished-at="2025-12-05T13:57:39 IST" duration-ms="1993" status="PASS">
          <reporter-output>
          </reporter-output>
        </test-method> <!-- validateLoginTest -->
        <test-method is-config="true" signature="teardown()[pri:0, instance:com.adactinhotelapp.testscripts.regression.validateLoginUsingPOM@279fedbd]" started-at="2025-12-05T13:57:39 IST" name="teardown" finished-at="2025-12-05T13:57:39 IST" duration-ms="288" status="PASS">
          <reporter-output>
          </reporter-output>
        </test-method> <!-- teardown -->
      </class> <!-- com.adactinhotelapp.testscripts.regression.validateLoginUsingPOM -->
    </test> <!-- Default test -->
  </suite> <!-- Default suite -->
</testng-results>
