<?xml version="1.0" encoding="UTF-8"?>
<!-- Generated by org.testng.reporters.JUnitReportReporter -->
<testsuite hostname="Brahmam-Kamatham" failures="0" tests="1" name="com.adactinhotelapp.testscripts.regression.validateLoginUsingPOM" time="6.891" errors="0" timestamp="2025-12-05T13:57:39 IST" skipped="0">
  <testcase classname="com.adactinhotelapp.testscripts.regression.validateLoginUsingPOM" name="validateLoginTest" time="6.891"/>
</testsuite> <!-- com.adactinhotelapp.testscripts.regression.validateLoginUsingPOM -->
